[+] Containers:
 |- [+] Container: /Game/ThirdPerson/Maps/ThirdPersonMap
 |   |- [+] ActorDescs:
 |   |   |- Guid:05684AD9481B1A33636C3CA625B71D91 BaseClass:/Game/MyFolder/Blueprint/BP_Actor2.BP_Actor2_C NativeClass:/Script/Engine.Character Name:BP_Actor2_C_UAID_2CF05DB33483D67101_1841294175 Label:BP_Actor4 SpatiallyLoaded:1 Bounds:IsValid=true, Min=(X=8280.691 Y=5240.691 Z=30.000), Max=(X=8379.309 Y=5339.309 Z=211.332) RuntimeGrid:None EditorOnly:0 RuntimeOnly:0 HLODRelevant:0
 |   |   |- Guid:0B86538D43D9A0FC5EC36C9F5B4D3F1C BaseClass:/Game/MyFolder/Blueprint/BP_Actor2.BP_Actor2_C NativeClass:/Script/Engine.Character Name:BP_Actor2_C_UAID_2CF05DB33483D67101_1841339180 Label:BP_Actor9 SpatiallyLoaded:1 Bounds:IsValid=true, Min=(X=5582.189 Y=5242.189 Z=30.000), Max=(X=5677.811 Y=5337.811 Z=211.332) RuntimeGrid:None EditorOnly:0 RuntimeOnly:0 HLODRelevant:0
 |   |   |- Guid:20C80C41424CEAE7E0DDE49B4D409107 BaseClass:/Game/MyFolder/Blueprint/BP_Actor2.BP_Actor2_C NativeClass:/Script/Engine.Character Name:BP_Actor2_C_UAID_2CF05DB33483D67101_1841398188 Label:BP_Actor17 SpatiallyLoaded:1 Bounds:IsValid=true, Min=(X=6560.691 Y=7280.691 Z=30.000), Max=(X=6659.309 Y=7379.309 Z=211.332) RuntimeGrid:None EditorOnly:0 RuntimeOnly:0 HLODRelevant:0
 |   |   |- Guid:28D9DE794988CE0FFE227AB2219CEDBF BaseClass:/Game/MyFolder/Blueprint/BP_Actor2.BP_Actor2_C NativeClass:/Script/Engine.Character Name:BP_Actor2_C_UAID_2CF05DB33483CE7101_1436139747 Label:BP_Actor2 SpatiallyLoaded:1 Bounds:IsValid=true, Min=(X=1615.000 Y=1185.000 Z=-0.112), Max=(X=1687.576 Y=1255.000 Z=180.332) RuntimeGrid:None EditorOnly:0 RuntimeOnly:0 HLODRelevant:0
 |   |   |- Guid:2D199B094B5173E47E9A76A8FA320F9B BaseClass:/Game/MyFolder/Blueprint/BP_Actor2.BP_Actor2_C NativeClass:/Script/Engine.Character Name:BP_Actor2_C_UAID_2CF05DB33483D67101_1841308176 Label:BP_Actor5 SpatiallyLoaded:1 Bounds:IsValid=true, Min=(X=8440.691 Y=4860.691 Z=30.000), Max=(X=8539.309 Y=4959.309 Z=211.332) RuntimeGrid:None EditorOnly:0 RuntimeOnly:0 HLODRelevant:0
 |   |   |- Guid:2FB58999456391D349DC0F86DAC136ED BaseClass: NativeClass:/Script/Engine.SkyLight Name:SkyLight_1 Label:SkyLight SpatiallyLoaded:0 Bounds:IsValid=true, Min=(X=0.000 Y=0.000 Z=690.000), Max=(X=0.000 Y=0.000 Z=690.000) RuntimeGrid:None EditorOnly:0 RuntimeOnly:0 HLODRelevant:0 FolderPath:Lighting FolderGuid:963EC3EB4002CCE9759E2EBA541A873A
 |   |   |- Guid:316CF2A6494ACA4C0E4180A87D36AB8F BaseClass: NativeClass:/Script/Engine.ExponentialHeightFog Name:ExponentialHeightFog_0 Label:ExponentialHeightFog SpatiallyLoaded:0 Bounds:IsValid=true, Min=(X=-5600.000 Y=-50.000 Z=-6850.000), Max=(X=-5600.000 Y=-50.000 Z=-6850.000) RuntimeGrid:None EditorOnly:0 RuntimeOnly:0 HLODRelevant:0 FolderPath:Lighting FolderGuid:963EC3EB4002CCE9759E2EBA541A873A
 |   |   |- Guid:3A00AA1C422CE54C0BDB60BAF471BFBB BaseClass: NativeClass:/Script/Engine.PlayerStart Name:PlayerStart_0 Label:PlayerStart SpatiallyLoaded:0 Bounds:IsValid=true, Min=(X=860.000 Y=1070.000 Z=0.013), Max=(X=940.000 Y=1150.000 Z=184.013) RuntimeGrid:None EditorOnly:0 RuntimeOnly:0 HLODRelevant:0
 |   |   |- Guid:4D3BE93F4146AAAC8BBE79999D96D57F BaseClass: NativeClass:/Script/Engine.VolumetricCloud Name:VolumetricCloud_0 Label:VolumetricCloud SpatiallyLoaded:0 Bounds:IsValid=true, Min=(X=0.000 Y=0.000 Z=820.000), Max=(X=0.000 Y=0.000 Z=820.000) RuntimeGrid:None EditorOnly:0 RuntimeOnly:0 HLODRelevant:0 FolderPath:Lighting FolderGuid:963EC3EB4002CCE9759E2EBA541A873A
 |   |   |- Guid:5B97F4A64FB21F77EFC44386BF705B4C BaseClass: NativeClass:/Script/Engine.TextRenderActor Name:TextRenderActor_1 Label:TextRenderActor SpatiallyLoaded:1 Bounds:IsValid=true, Min=(X=-0.100 Y=1100.000 Z=65.013), Max=(X=-0.100 Y=2392.308 Z=215.013) RuntimeGrid:None EditorOnly:0 RuntimeOnly:0 HLODRelevant:0
 |   |   |- Guid:5F8E68BC42636D3905B0B683E59C23DB BaseClass:/Game/MyFolder/Blueprint/BP_Actor2.BP_Actor2_C NativeClass:/Script/Engine.Character Name:BP_Actor2_C_UAID_2CF05DB33483D17101_1851144272 Label:BP_Actor6 SpatiallyLoaded:1 Bounds:IsValid=true, Min=(X=1600.691 Y=1350.691 Z=-0.112), Max=(X=1699.309 Y=1449.309 Z=180.332) RuntimeGrid:None EditorOnly:0 RuntimeOnly:0 HLODRelevant:0
 |   |   |- Guid:6158C7C044FD648CDB95178775210A33 BaseClass:/Game/MyFolder/Blueprint/BP_Actor2.BP_Actor2_C NativeClass:/Script/Engine.Character Name:BP_Actor2_C_UAID_2CF05DB33483D67101_1637384173 Label:BP_Actor2 SpatiallyLoaded:1 Bounds:IsValid=true, Min=(X=6945.000 Y=6115.000 Z=99.888), Max=(X=7017.576 Y=6185.000 Z=280.332) RuntimeGrid:None EditorOnly:0 RuntimeOnly:0 HLODRelevant:0
 |   |   |- Guid:6BAF4DDD444C60371492D3919DB42C97 BaseClass: NativeClass:/Script/Engine.WorldDataLayers Name:WorldDataLayers Label:WorldDataLayers SpatiallyLoaded:0 Bounds:IsValid=true, Min=(X=0.000 Y=0.000 Z=0.000), Max=(X=0.000 Y=0.000 Z=0.000) RuntimeGrid:None EditorOnly:0 RuntimeOnly:0 HLODRelevant:0
 |   |   |- Guid:6E9E83A3425A99A41183E4B6E65FB2A5 BaseClass: NativeClass:/Script/NavigationSystem.RecastNavMesh Name:RecastNavMesh_UAID_2CF05DB33483CE7101-Default Label:RecastNavMesh-Default SpatiallyLoaded:0 Bounds:IsValid=true, Min=(X=0.000 Y=0.000 Z=0.000), Max=(X=0.000 Y=0.000 Z=0.000) RuntimeGrid:None EditorOnly:0 RuntimeOnly:0 HLODRelevant:0
 |   |   |- Guid:71B5189B4693547E199910A29B5C8EE9 BaseClass:/Game/MyFolder/Blueprint/BP_Actor2.BP_Actor2_C NativeClass:/Script/Engine.Character Name:BP_Actor2_C_UAID_2CF05DB33483CE7101_1599762749 Label:BP_Actor4 SpatiallyLoaded:1 Bounds:IsValid=true, Min=(X=1775.000 Y=805.000 Z=-0.112), Max=(X=1847.576 Y=875.000 Z=180.332) RuntimeGrid:None EditorOnly:0 RuntimeOnly:0 HLODRelevant:0
 |   |   |- Guid:85D1643247D97810BC8572ADE8D86720 BaseClass:/Game/MyFolder/Blueprint/BP_Actor2.BP_Actor2_C NativeClass:/Script/Engine.Character Name:BP_Actor2_C_UAID_2CF05DB33483D67101_1841357182 Label:BP_Actor11 SpatiallyLoaded:1 Bounds:IsValid=true, Min=(X=5520.691 Y=6730.691 Z=30.000), Max=(X=5619.309 Y=6829.309 Z=211.332) RuntimeGrid:None EditorOnly:0 RuntimeOnly:0 HLODRelevant:0
 |   |   |- Guid:8930EE5543A3B07C0D73BB84C3A5E3A7 BaseClass:/Game/MyFolder/Blueprint/BP_Actor2.BP_Actor2_C NativeClass:/Script/Engine.Character Name:BP_Actor2_C_UAID_2CF05DB33483D67101_1841332179 Label:BP_Actor8 SpatiallyLoaded:1 Bounds:IsValid=true, Min=(X=7790.691 Y=5420.691 Z=30.000), Max=(X=7889.309 Y=5519.309 Z=211.332) RuntimeGrid:None EditorOnly:0 RuntimeOnly:0 HLODRelevant:0
 |   |   |- Guid:924A1C974756912D362D6D86C2364085 BaseClass:/Game/MyFolder/Blueprint/BP_Actor2.BP_Actor2_C NativeClass:/Script/Engine.Character Name:BP_Actor2_C_UAID_2CF05DB33483CE7101_1338050744 Label:BP_Actor3 SpatiallyLoaded:1 Bounds:IsValid=true, Min=(X=2055.000 Y=1255.000 Z=-0.112), Max=(X=2127.576 Y=1325.000 Z=180.332) RuntimeGrid:None EditorOnly:0 RuntimeOnly:0 HLODRelevant:0
 |   |   |- Guid:9A28D489417FD9165C24AE8013041844 BaseClass:/Game/MyFolder/Blueprint/BP_Actor2.BP_Actor2_C NativeClass:/Script/Engine.Character Name:BP_Actor2_C_UAID_2CF05DB33483D67101_1841347181 Label:BP_Actor10 SpatiallyLoaded:1 Bounds:IsValid=true, Min=(X=5520.691 Y=5980.691 Z=30.000), Max=(X=5619.309 Y=6079.309 Z=211.332) RuntimeGrid:None EditorOnly:0 RuntimeOnly:0 HLODRelevant:0
 |   |   |- Guid:A28F926E4D6A1ED863581EAB2CF099BD BaseClass:/Game/MyFolder/Blueprint/BP_Actor2.BP_Actor2_C NativeClass:/Script/Engine.Character Name:BP_Actor2_C_UAID_2CF05DB33483D67101_1841365183 Label:BP_Actor12 SpatiallyLoaded:1 Bounds:IsValid=true, Min=(X=4640.691 Y=6730.691 Z=30.000), Max=(X=4739.309 Y=6829.309 Z=211.332) RuntimeGrid:None EditorOnly:0 RuntimeOnly:0 HLODRelevant:0
 |   |   |- Guid:A7AEF5D347D837ED19596892482C6E19 BaseClass:/Game/MyFolder/Blueprint/BP_Actor2.BP_Actor2_C NativeClass:/Script/Engine.Character Name:BP_Actor2_C_UAID_2CF05DB33483D67101_1841371184 Label:BP_Actor13 SpatiallyLoaded:1 Bounds:IsValid=true, Min=(X=7050.691 Y=7100.691 Z=30.000), Max=(X=7149.309 Y=7199.309 Z=211.332) RuntimeGrid:None EditorOnly:0 RuntimeOnly:0 HLODRelevant:0
 |   |   |- Guid:AE9690ED4C3BDF786F39B7B7B132556A BaseClass:/Game/MyFolder/Blueprint/BP_Actor2.BP_Actor2_C NativeClass:/Script/Engine.Character Name:BP_Actor2_C_UAID_2CF05DB33483D17101_1853466273 Label:BP_Actor7 SpatiallyLoaded:1 Bounds:IsValid=true, Min=(X=1835.000 Y=1185.000 Z=-0.112), Max=(X=1907.576 Y=1255.000 Z=180.332) RuntimeGrid:None EditorOnly:0 RuntimeOnly:0 HLODRelevant:0
 |   |   |- Guid:B785ED2844B84CFB91E7F39FE661CD99 BaseClass: NativeClass:/Script/Engine.DirectionalLight Name:DirectionalLight_0 Label:DirectionalLight SpatiallyLoaded:0 Bounds:IsValid=true, Min=(X=-1048576.000 Y=-1048576.000 Z=-1048576.000), Max=(X=1048576.000 Y=1048576.000 Z=1048576.000) RuntimeGrid:None EditorOnly:0 RuntimeOnly:0 HLODRelevant:0 FolderPath:Lighting FolderGuid:963EC3EB4002CCE9759E2EBA541A873A
 |   |   |- Guid:C736CAF5446FE9238CE0AB93F9E07247 BaseClass:/Game/MyFolder/Blueprint/BP_Actor2.BP_Actor2_C NativeClass:/Script/Engine.Character Name:BP_Actor2_C_UAID_2CF05DB33483D67101_1640126174 Label:BP_Actor3 SpatiallyLoaded:1 Bounds:IsValid=true, Min=(X=6375.000 Y=6135.000 Z=99.888), Max=(X=6447.576 Y=6205.000 Z=280.332) RuntimeGrid:None EditorOnly:0 RuntimeOnly:0 HLODRelevant:0
 |   |   |- Guid:CCFF262C46EEFFDF319E7F9539CE697E BaseClass: NativeClass:/Script/Engine.SkyAtmosphere Name:SkyAtmosphere_0 Label:SkyAtmosphere SpatiallyLoaded:0 Bounds:IsValid=true, Min=(X=0.000 Y=0.000 Z=1020.000), Max=(X=0.000 Y=0.000 Z=1020.000) RuntimeGrid:None EditorOnly:0 RuntimeOnly:0 HLODRelevant:0 FolderPath:Lighting FolderGuid:963EC3EB4002CCE9759E2EBA541A873A
 |   |   |- Guid:D7C0CAE940D4303D7E3E11B28EA930B8 BaseClass:/Game/MyFolder/Blueprint/BP_Actor2.BP_Actor2_C NativeClass:/Script/Engine.Character Name:BP_Actor2_C_UAID_2CF05DB33483D67101_1841392187 Label:BP_Actor16 SpatiallyLoaded:1 Bounds:IsValid=true, Min=(X=7050.691 Y=6930.691 Z=30.000), Max=(X=7149.309 Y=7029.309 Z=211.332) RuntimeGrid:None EditorOnly:0 RuntimeOnly:0 HLODRelevant:0
 |   |   |- Guid:DD0252E14EC295DA2E1646924CCAC491 BaseClass:/Game/MyFolder/Blueprint/BP_Actor2.BP_Actor2_C NativeClass:/Script/Engine.Character Name:BP_Actor2_C_UAID_2CF05DB33483D67101_1841378185 Label:BP_Actor14 SpatiallyLoaded:1 Bounds:IsValid=true, Min=(X=7210.691 Y=6720.691 Z=30.000), Max=(X=7309.309 Y=6819.309 Z=211.332) RuntimeGrid:None EditorOnly:0 RuntimeOnly:0 HLODRelevant:0
 |   |   |- Guid:E44F935E4567E6D7744F7F91DB94120D BaseClass:/Game/MyFolder/Blueprint/BP_Actor2.BP_Actor2_C NativeClass:/Script/Engine.Character Name:BP_Actor2_C_UAID_2CF05DB33483D17101_1848881271 Label:BP_Actor5 SpatiallyLoaded:1 Bounds:IsValid=true, Min=(X=1615.000 Y=1015.000 Z=-0.112), Max=(X=1687.576 Y=1085.000 Z=180.332) RuntimeGrid:None EditorOnly:0 RuntimeOnly:0 HLODRelevant:0
 |   |   |- Guid:E53622DE46EFC9DDB6EABB99A82C10BE BaseClass:/Game/MyFolder/Blueprint/BP_Actor2.BP_Actor2_C NativeClass:/Script/Engine.Character Name:BP_Actor2_C_UAID_2CF05DB33483D67101_1841316177 Label:BP_Actor6 SpatiallyLoaded:1 Bounds:IsValid=true, Min=(X=8729.454 Y=5319.454 Z=30.000), Max=(X=8810.546 Y=5401.596 Z=211.332) RuntimeGrid:None EditorOnly:0 RuntimeOnly:0 HLODRelevant:0
 |   |   |- Guid:EC4E0C944CE6AC6E784BC6BB2916EA13 BaseClass: NativeClass:/Script/Engine.StaticMeshActor Name:StaticMeshActor_UAID_A4AE111137DC5EFB00_1110535423 Label:SM_SkySphere SpatiallyLoaded:0 Bounds:IsValid=true, Min=(X=-1638400.000 Y=-1638400.000 Z=-1638400.000), Max=(X=1638400.000 Y=1638400.000 Z=1638400.000) RuntimeGrid:None EditorOnly:0 RuntimeOnly:0 HLODRelevant:1 FolderPath:Lighting FolderGuid:963EC3EB4002CCE9759E2EBA541A873A
 |   |   |- Guid:F01C71D54E35A910A9B3EAA034A96022 BaseClass:/Game/MyFolder/Blueprint/BP_Actor2.BP_Actor2_C NativeClass:/Script/Engine.Character Name:BP_Actor2_C_UAID_2CF05DB33483D67101_1841386186 Label:BP_Actor15 SpatiallyLoaded:1 Bounds:IsValid=true, Min=(X=7499.454 Y=7179.454 Z=30.000), Max=(X=7580.546 Y=7261.596 Z=211.332) RuntimeGrid:None EditorOnly:0 RuntimeOnly:0 HLODRelevant:0
 |   |   |- Guid:F0C314424EAD8E24FCB71495B38F142A BaseClass:/Game/MyFolder/Blueprint/BP_Actor2.BP_Actor2_C NativeClass:/Script/Engine.Character Name:BP_Actor2_C_UAID_2CF05DB33483D67101_1841323178 Label:BP_Actor7 SpatiallyLoaded:1 Bounds:IsValid=true, Min=(X=8280.691 Y=5070.691 Z=30.000), Max=(X=8379.309 Y=5169.309 Z=211.332) RuntimeGrid:None EditorOnly:0 RuntimeOnly:0 HLODRelevant:0
 |   |   |- Guid:F1924B8D48954B30891B2DB6A694F9CC BaseClass: NativeClass:/Script/Engine.StaticMeshActor Name:StaticMeshActor_1 Label:SM_Cube SpatiallyLoaded:1 Bounds:IsValid=true, Min=(X=-50000.000 Y=-50000.000 Z=0.000), Max=(X=50000.000 Y=50000.000 Z=100.000) RuntimeGrid:None EditorOnly:0 RuntimeOnly:0 HLODRelevant:1 FolderPath:Playground FolderGuid:C73F09FC4215536B1DCE2A9E0A830C70
 |   |   |- Guid:F244CD1E435C2B3CBA218CBF692A831C BaseClass: NativeClass:/Script/NavigationSystem.NavMeshBoundsVolume Name:NavMeshBoundsVolume_UAID_2CF05DB33483CE7101_1450881748 Label:NavMeshBoundsVolume SpatiallyLoaded:0 Bounds:IsValid=true, Min=(X=-998380.000 Y=-998430.000 Z=-240.000), Max=(X=1001620.000 Y=1001570.000 Z=60.000) RuntimeGrid:None EditorOnly:0 RuntimeOnly:0 HLODRelevant:0
 |   |   |- Guid:F5E3FEB3450C49844FD93DA8E083C8AD BaseClass: NativeClass:/Script/Engine.PostProcessVolume Name:PostProcessVolume_0 Label:PostProcessVolume SpatiallyLoaded:0 Bounds:IsValid=true, Min=(X=0.000 Y=0.000 Z=400.000), Max=(X=200.000 Y=200.000 Z=600.000) RuntimeGrid:None EditorOnly:0 RuntimeOnly:0 HLODRelevant:0 FolderPath:Lighting FolderGuid:963EC3EB4002CCE9759E2EBA541A873A
 |   |- [+] Clusters:
 |   |   |- [+] [  0]
 |   |   |   |- Guid:6BAF4DDD444C60371492D3919DB42C97 BaseClass: NativeClass:/Script/Engine.WorldDataLayers Name:WorldDataLayers Label:WorldDataLayers SpatiallyLoaded:0 Bounds:IsValid=true, Min=(X=0.000 Y=0.000 Z=0.000), Max=(X=0.000 Y=0.000 Z=0.000) RuntimeGrid:None EditorOnly:0 RuntimeOnly:0 HLODRelevant:0
 |   |   |- [+] [  1]
 |   |   |   |- Guid:28D9DE794988CE0FFE227AB2219CEDBF BaseClass:/Game/MyFolder/Blueprint/BP_Actor2.BP_Actor2_C NativeClass:/Script/Engine.Character Name:BP_Actor2_C_UAID_2CF05DB33483CE7101_1436139747 Label:BP_Actor2 SpatiallyLoaded:1 Bounds:IsValid=true, Min=(X=1615.000 Y=1185.000 Z=-0.112), Max=(X=1687.576 Y=1255.000 Z=180.332) RuntimeGrid:None EditorOnly:0 RuntimeOnly:0 HLODRelevant:0
 |   |   |- [+] [  2]
 |   |   |   |- Guid:71B5189B4693547E199910A29B5C8EE9 BaseClass:/Game/MyFolder/Blueprint/BP_Actor2.BP_Actor2_C NativeClass:/Script/Engine.Character Name:BP_Actor2_C_UAID_2CF05DB33483CE7101_1599762749 Label:BP_Actor4 SpatiallyLoaded:1 Bounds:IsValid=true, Min=(X=1775.000 Y=805.000 Z=-0.112), Max=(X=1847.576 Y=875.000 Z=180.332) RuntimeGrid:None EditorOnly:0 RuntimeOnly:0 HLODRelevant:0
 |   |   |- [+] [  3]
 |   |   |   |- Guid:F5E3FEB3450C49844FD93DA8E083C8AD BaseClass: NativeClass:/Script/Engine.PostProcessVolume Name:PostProcessVolume_0 Label:PostProcessVolume SpatiallyLoaded:0 Bounds:IsValid=true, Min=(X=0.000 Y=0.000 Z=400.000), Max=(X=200.000 Y=200.000 Z=600.000) RuntimeGrid:None EditorOnly:0 RuntimeOnly:0 HLODRelevant:0 FolderPath:Lighting FolderGuid:963EC3EB4002CCE9759E2EBA541A873A
 |   |   |- [+] [  4]
 |   |   |   |- Guid:5B97F4A64FB21F77EFC44386BF705B4C BaseClass: NativeClass:/Script/Engine.TextRenderActor Name:TextRenderActor_1 Label:TextRenderActor SpatiallyLoaded:1 Bounds:IsValid=true, Min=(X=-0.100 Y=1100.000 Z=65.013), Max=(X=-0.100 Y=2392.308 Z=215.013) RuntimeGrid:None EditorOnly:0 RuntimeOnly:0 HLODRelevant:0
 |   |   |- [+] [  5]
 |   |   |   |- Guid:4D3BE93F4146AAAC8BBE79999D96D57F BaseClass: NativeClass:/Script/Engine.VolumetricCloud Name:VolumetricCloud_0 Label:VolumetricCloud SpatiallyLoaded:0 Bounds:IsValid=true, Min=(X=0.000 Y=0.000 Z=820.000), Max=(X=0.000 Y=0.000 Z=820.000) RuntimeGrid:None EditorOnly:0 RuntimeOnly:0 HLODRelevant:0 FolderPath:Lighting FolderGuid:963EC3EB4002CCE9759E2EBA541A873A
 |   |   |- [+] [  6]
 |   |   |   |- Guid:6E9E83A3425A99A41183E4B6E65FB2A5 BaseClass: NativeClass:/Script/NavigationSystem.RecastNavMesh Name:RecastNavMesh_UAID_2CF05DB33483CE7101-Default Label:RecastNavMesh-Default SpatiallyLoaded:0 Bounds:IsValid=true, Min=(X=0.000 Y=0.000 Z=0.000), Max=(X=0.000 Y=0.000 Z=0.000) RuntimeGrid:None EditorOnly:0 RuntimeOnly:0 HLODRelevant:0
 |   |   |- [+] [  7]
 |   |   |   |- Guid:CCFF262C46EEFFDF319E7F9539CE697E BaseClass: NativeClass:/Script/Engine.SkyAtmosphere Name:SkyAtmosphere_0 Label:SkyAtmosphere SpatiallyLoaded:0 Bounds:IsValid=true, Min=(X=0.000 Y=0.000 Z=1020.000), Max=(X=0.000 Y=0.000 Z=1020.000) RuntimeGrid:None EditorOnly:0 RuntimeOnly:0 HLODRelevant:0 FolderPath:Lighting FolderGuid:963EC3EB4002CCE9759E2EBA541A873A
 |   |   |- [+] [  8]
 |   |   |   |- Guid:EC4E0C944CE6AC6E784BC6BB2916EA13 BaseClass: NativeClass:/Script/Engine.StaticMeshActor Name:StaticMeshActor_UAID_A4AE111137DC5EFB00_1110535423 Label:SM_SkySphere SpatiallyLoaded:0 Bounds:IsValid=true, Min=(X=-1638400.000 Y=-1638400.000 Z=-1638400.000), Max=(X=1638400.000 Y=1638400.000 Z=1638400.000) RuntimeGrid:None EditorOnly:0 RuntimeOnly:0 HLODRelevant:1 FolderPath:Lighting FolderGuid:963EC3EB4002CCE9759E2EBA541A873A
 |   |   |- [+] [  9]
 |   |   |   |- Guid:B785ED2844B84CFB91E7F39FE661CD99 BaseClass: NativeClass:/Script/Engine.DirectionalLight Name:DirectionalLight_0 Label:DirectionalLight SpatiallyLoaded:0 Bounds:IsValid=true, Min=(X=-1048576.000 Y=-1048576.000 Z=-1048576.000), Max=(X=1048576.000 Y=1048576.000 Z=1048576.000) RuntimeGrid:None EditorOnly:0 RuntimeOnly:0 HLODRelevant:0 FolderPath:Lighting FolderGuid:963EC3EB4002CCE9759E2EBA541A873A
 |   |   |- [+] [ 10]
 |   |   |   |- Guid:316CF2A6494ACA4C0E4180A87D36AB8F BaseClass: NativeClass:/Script/Engine.ExponentialHeightFog Name:ExponentialHeightFog_0 Label:ExponentialHeightFog SpatiallyLoaded:0 Bounds:IsValid=true, Min=(X=-5600.000 Y=-50.000 Z=-6850.000), Max=(X=-5600.000 Y=-50.000 Z=-6850.000) RuntimeGrid:None EditorOnly:0 RuntimeOnly:0 HLODRelevant:0 FolderPath:Lighting FolderGuid:963EC3EB4002CCE9759E2EBA541A873A
 |   |   |- [+] [ 11]
 |   |   |   |- Guid:924A1C974756912D362D6D86C2364085 BaseClass:/Game/MyFolder/Blueprint/BP_Actor2.BP_Actor2_C NativeClass:/Script/Engine.Character Name:BP_Actor2_C_UAID_2CF05DB33483CE7101_1338050744 Label:BP_Actor3 SpatiallyLoaded:1 Bounds:IsValid=true, Min=(X=2055.000 Y=1255.000 Z=-0.112), Max=(X=2127.576 Y=1325.000 Z=180.332) RuntimeGrid:None EditorOnly:0 RuntimeOnly:0 HLODRelevant:0
 |   |   |- [+] [ 12]
 |   |   |   |- Guid:F1924B8D48954B30891B2DB6A694F9CC BaseClass: NativeClass:/Script/Engine.StaticMeshActor Name:StaticMeshActor_1 Label:SM_Cube SpatiallyLoaded:1 Bounds:IsValid=true, Min=(X=-50000.000 Y=-50000.000 Z=0.000), Max=(X=50000.000 Y=50000.000 Z=100.000) RuntimeGrid:None EditorOnly:0 RuntimeOnly:0 HLODRelevant:1 FolderPath:Playground FolderGuid:C73F09FC4215536B1DCE2A9E0A830C70
 |   |   |- [+] [ 13]
 |   |   |   |- Guid:2FB58999456391D349DC0F86DAC136ED BaseClass: NativeClass:/Script/Engine.SkyLight Name:SkyLight_1 Label:SkyLight SpatiallyLoaded:0 Bounds:IsValid=true, Min=(X=0.000 Y=0.000 Z=690.000), Max=(X=0.000 Y=0.000 Z=690.000) RuntimeGrid:None EditorOnly:0 RuntimeOnly:0 HLODRelevant:0 FolderPath:Lighting FolderGuid:963EC3EB4002CCE9759E2EBA541A873A
 |   |   |- [+] [ 14]
 |   |   |   |- Guid:F244CD1E435C2B3CBA218CBF692A831C BaseClass: NativeClass:/Script/NavigationSystem.NavMeshBoundsVolume Name:NavMeshBoundsVolume_UAID_2CF05DB33483CE7101_1450881748 Label:NavMeshBoundsVolume SpatiallyLoaded:0 Bounds:IsValid=true, Min=(X=-998380.000 Y=-998430.000 Z=-240.000), Max=(X=1001620.000 Y=1001570.000 Z=60.000) RuntimeGrid:None EditorOnly:0 RuntimeOnly:0 HLODRelevant:0
 |   |   |- [+] [ 15]
 |   |   |   |- Guid:3A00AA1C422CE54C0BDB60BAF471BFBB BaseClass: NativeClass:/Script/Engine.PlayerStart Name:PlayerStart_0 Label:PlayerStart SpatiallyLoaded:0 Bounds:IsValid=true, Min=(X=860.000 Y=1070.000 Z=0.013), Max=(X=940.000 Y=1150.000 Z=184.013) RuntimeGrid:None EditorOnly:0 RuntimeOnly:0 HLODRelevant:0
 |   |   |- [+] [ 16]
 |   |   |   |- Guid:E44F935E4567E6D7744F7F91DB94120D BaseClass:/Game/MyFolder/Blueprint/BP_Actor2.BP_Actor2_C NativeClass:/Script/Engine.Character Name:BP_Actor2_C_UAID_2CF05DB33483D17101_1848881271 Label:BP_Actor5 SpatiallyLoaded:1 Bounds:IsValid=true, Min=(X=1615.000 Y=1015.000 Z=-0.112), Max=(X=1687.576 Y=1085.000 Z=180.332) RuntimeGrid:None EditorOnly:0 RuntimeOnly:0 HLODRelevant:0
 |   |   |- [+] [ 17]
 |   |   |   |- Guid:5F8E68BC42636D3905B0B683E59C23DB BaseClass:/Game/MyFolder/Blueprint/BP_Actor2.BP_Actor2_C NativeClass:/Script/Engine.Character Name:BP_Actor2_C_UAID_2CF05DB33483D17101_1851144272 Label:BP_Actor6 SpatiallyLoaded:1 Bounds:IsValid=true, Min=(X=1600.691 Y=1350.691 Z=-0.112), Max=(X=1699.309 Y=1449.309 Z=180.332) RuntimeGrid:None EditorOnly:0 RuntimeOnly:0 HLODRelevant:0
 |   |   |- [+] [ 18]
 |   |   |   |- Guid:AE9690ED4C3BDF786F39B7B7B132556A BaseClass:/Game/MyFolder/Blueprint/BP_Actor2.BP_Actor2_C NativeClass:/Script/Engine.Character Name:BP_Actor2_C_UAID_2CF05DB33483D17101_1853466273 Label:BP_Actor7 SpatiallyLoaded:1 Bounds:IsValid=true, Min=(X=1835.000 Y=1185.000 Z=-0.112), Max=(X=1907.576 Y=1255.000 Z=180.332) RuntimeGrid:None EditorOnly:0 RuntimeOnly:0 HLODRelevant:0
 |   |   |- [+] [ 19]
 |   |   |   |- Guid:6158C7C044FD648CDB95178775210A33 BaseClass:/Game/MyFolder/Blueprint/BP_Actor2.BP_Actor2_C NativeClass:/Script/Engine.Character Name:BP_Actor2_C_UAID_2CF05DB33483D67101_1637384173 Label:BP_Actor2 SpatiallyLoaded:1 Bounds:IsValid=true, Min=(X=6945.000 Y=6115.000 Z=99.888), Max=(X=7017.576 Y=6185.000 Z=280.332) RuntimeGrid:None EditorOnly:0 RuntimeOnly:0 HLODRelevant:0
 |   |   |- [+] [ 20]
 |   |   |   |- Guid:C736CAF5446FE9238CE0AB93F9E07247 BaseClass:/Game/MyFolder/Blueprint/BP_Actor2.BP_Actor2_C NativeClass:/Script/Engine.Character Name:BP_Actor2_C_UAID_2CF05DB33483D67101_1640126174 Label:BP_Actor3 SpatiallyLoaded:1 Bounds:IsValid=true, Min=(X=6375.000 Y=6135.000 Z=99.888), Max=(X=6447.576 Y=6205.000 Z=280.332) RuntimeGrid:None EditorOnly:0 RuntimeOnly:0 HLODRelevant:0
 |   |   |- [+] [ 21]
 |   |   |   |- Guid:05684AD9481B1A33636C3CA625B71D91 BaseClass:/Game/MyFolder/Blueprint/BP_Actor2.BP_Actor2_C NativeClass:/Script/Engine.Character Name:BP_Actor2_C_UAID_2CF05DB33483D67101_1841294175 Label:BP_Actor4 SpatiallyLoaded:1 Bounds:IsValid=true, Min=(X=8280.691 Y=5240.691 Z=30.000), Max=(X=8379.309 Y=5339.309 Z=211.332) RuntimeGrid:None EditorOnly:0 RuntimeOnly:0 HLODRelevant:0
 |   |   |- [+] [ 22]
 |   |   |   |- Guid:2D199B094B5173E47E9A76A8FA320F9B BaseClass:/Game/MyFolder/Blueprint/BP_Actor2.BP_Actor2_C NativeClass:/Script/Engine.Character Name:BP_Actor2_C_UAID_2CF05DB33483D67101_1841308176 Label:BP_Actor5 SpatiallyLoaded:1 Bounds:IsValid=true, Min=(X=8440.691 Y=4860.691 Z=30.000), Max=(X=8539.309 Y=4959.309 Z=211.332) RuntimeGrid:None EditorOnly:0 RuntimeOnly:0 HLODRelevant:0
 |   |   |- [+] [ 23]
 |   |   |   |- Guid:E53622DE46EFC9DDB6EABB99A82C10BE BaseClass:/Game/MyFolder/Blueprint/BP_Actor2.BP_Actor2_C NativeClass:/Script/Engine.Character Name:BP_Actor2_C_UAID_2CF05DB33483D67101_1841316177 Label:BP_Actor6 SpatiallyLoaded:1 Bounds:IsValid=true, Min=(X=8729.454 Y=5319.454 Z=30.000), Max=(X=8810.546 Y=5401.596 Z=211.332) RuntimeGrid:None EditorOnly:0 RuntimeOnly:0 HLODRelevant:0
 |   |   |- [+] [ 24]
 |   |   |   |- Guid:F0C314424EAD8E24FCB71495B38F142A BaseClass:/Game/MyFolder/Blueprint/BP_Actor2.BP_Actor2_C NativeClass:/Script/Engine.Character Name:BP_Actor2_C_UAID_2CF05DB33483D67101_1841323178 Label:BP_Actor7 SpatiallyLoaded:1 Bounds:IsValid=true, Min=(X=8280.691 Y=5070.691 Z=30.000), Max=(X=8379.309 Y=5169.309 Z=211.332) RuntimeGrid:None EditorOnly:0 RuntimeOnly:0 HLODRelevant:0
 |   |   |- [+] [ 25]
 |   |   |   |- Guid:8930EE5543A3B07C0D73BB84C3A5E3A7 BaseClass:/Game/MyFolder/Blueprint/BP_Actor2.BP_Actor2_C NativeClass:/Script/Engine.Character Name:BP_Actor2_C_UAID_2CF05DB33483D67101_1841332179 Label:BP_Actor8 SpatiallyLoaded:1 Bounds:IsValid=true, Min=(X=7790.691 Y=5420.691 Z=30.000), Max=(X=7889.309 Y=5519.309 Z=211.332) RuntimeGrid:None EditorOnly:0 RuntimeOnly:0 HLODRelevant:0
 |   |   |- [+] [ 26]
 |   |   |   |- Guid:0B86538D43D9A0FC5EC36C9F5B4D3F1C BaseClass:/Game/MyFolder/Blueprint/BP_Actor2.BP_Actor2_C NativeClass:/Script/Engine.Character Name:BP_Actor2_C_UAID_2CF05DB33483D67101_1841339180 Label:BP_Actor9 SpatiallyLoaded:1 Bounds:IsValid=true, Min=(X=5582.189 Y=5242.189 Z=30.000), Max=(X=5677.811 Y=5337.811 Z=211.332) RuntimeGrid:None EditorOnly:0 RuntimeOnly:0 HLODRelevant:0
 |   |   |- [+] [ 27]
 |   |   |   |- Guid:9A28D489417FD9165C24AE8013041844 BaseClass:/Game/MyFolder/Blueprint/BP_Actor2.BP_Actor2_C NativeClass:/Script/Engine.Character Name:BP_Actor2_C_UAID_2CF05DB33483D67101_1841347181 Label:BP_Actor10 SpatiallyLoaded:1 Bounds:IsValid=true, Min=(X=5520.691 Y=5980.691 Z=30.000), Max=(X=5619.309 Y=6079.309 Z=211.332) RuntimeGrid:None EditorOnly:0 RuntimeOnly:0 HLODRelevant:0
 |   |   |- [+] [ 28]
 |   |   |   |- Guid:85D1643247D97810BC8572ADE8D86720 BaseClass:/Game/MyFolder/Blueprint/BP_Actor2.BP_Actor2_C NativeClass:/Script/Engine.Character Name:BP_Actor2_C_UAID_2CF05DB33483D67101_1841357182 Label:BP_Actor11 SpatiallyLoaded:1 Bounds:IsValid=true, Min=(X=5520.691 Y=6730.691 Z=30.000), Max=(X=5619.309 Y=6829.309 Z=211.332) RuntimeGrid:None EditorOnly:0 RuntimeOnly:0 HLODRelevant:0
 |   |   |- [+] [ 29]
 |   |   |   |- Guid:A28F926E4D6A1ED863581EAB2CF099BD BaseClass:/Game/MyFolder/Blueprint/BP_Actor2.BP_Actor2_C NativeClass:/Script/Engine.Character Name:BP_Actor2_C_UAID_2CF05DB33483D67101_1841365183 Label:BP_Actor12 SpatiallyLoaded:1 Bounds:IsValid=true, Min=(X=4640.691 Y=6730.691 Z=30.000), Max=(X=4739.309 Y=6829.309 Z=211.332) RuntimeGrid:None EditorOnly:0 RuntimeOnly:0 HLODRelevant:0
 |   |   |- [+] [ 30]
 |   |   |   |- Guid:A7AEF5D347D837ED19596892482C6E19 BaseClass:/Game/MyFolder/Blueprint/BP_Actor2.BP_Actor2_C NativeClass:/Script/Engine.Character Name:BP_Actor2_C_UAID_2CF05DB33483D67101_1841371184 Label:BP_Actor13 SpatiallyLoaded:1 Bounds:IsValid=true, Min=(X=7050.691 Y=7100.691 Z=30.000), Max=(X=7149.309 Y=7199.309 Z=211.332) RuntimeGrid:None EditorOnly:0 RuntimeOnly:0 HLODRelevant:0
 |   |   |- [+] [ 31]
 |   |   |   |- Guid:DD0252E14EC295DA2E1646924CCAC491 BaseClass:/Game/MyFolder/Blueprint/BP_Actor2.BP_Actor2_C NativeClass:/Script/Engine.Character Name:BP_Actor2_C_UAID_2CF05DB33483D67101_1841378185 Label:BP_Actor14 SpatiallyLoaded:1 Bounds:IsValid=true, Min=(X=7210.691 Y=6720.691 Z=30.000), Max=(X=7309.309 Y=6819.309 Z=211.332) RuntimeGrid:None EditorOnly:0 RuntimeOnly:0 HLODRelevant:0
 |   |   |- [+] [ 32]
 |   |   |   |- Guid:F01C71D54E35A910A9B3EAA034A96022 BaseClass:/Game/MyFolder/Blueprint/BP_Actor2.BP_Actor2_C NativeClass:/Script/Engine.Character Name:BP_Actor2_C_UAID_2CF05DB33483D67101_1841386186 Label:BP_Actor15 SpatiallyLoaded:1 Bounds:IsValid=true, Min=(X=7499.454 Y=7179.454 Z=30.000), Max=(X=7580.546 Y=7261.596 Z=211.332) RuntimeGrid:None EditorOnly:0 RuntimeOnly:0 HLODRelevant:0
 |   |   |- [+] [ 33]
 |   |   |   |- Guid:D7C0CAE940D4303D7E3E11B28EA930B8 BaseClass:/Game/MyFolder/Blueprint/BP_Actor2.BP_Actor2_C NativeClass:/Script/Engine.Character Name:BP_Actor2_C_UAID_2CF05DB33483D67101_1841392187 Label:BP_Actor16 SpatiallyLoaded:1 Bounds:IsValid=true, Min=(X=7050.691 Y=6930.691 Z=30.000), Max=(X=7149.309 Y=7029.309 Z=211.332) RuntimeGrid:None EditorOnly:0 RuntimeOnly:0 HLODRelevant:0
 |   |   |- [+] [ 34]
 |   |   |   |- Guid:20C80C41424CEAE7E0DDE49B4D409107 BaseClass:/Game/MyFolder/Blueprint/BP_Actor2.BP_Actor2_C NativeClass:/Script/Engine.Character Name:BP_Actor2_C_UAID_2CF05DB33483D67101_1841398188 Label:BP_Actor17 SpatiallyLoaded:1 Bounds:IsValid=true, Min=(X=6560.691 Y=7280.691 Z=30.000), Max=(X=6659.309 Y=7379.309 Z=211.332) RuntimeGrid:None EditorOnly:0 RuntimeOnly:0 HLODRelevant:0
 |- ContainerInstances:
 |- [+] MainContainer:
 |   |-        ID: 0x0000000000000000
 |   |-    Bounds: IsValid=false, Min=(X=0.000 Y=0.000 Z=0.000), Max=(X=0.000 Y=0.000 Z=0.000)
 |   |- Transform: 0.000000,0.000000,0.000000|0.000000,0.000000,-0.000000|1.000000,1.000000,1.000000
 |   |- Container: /Game/ThirdPerson/Maps/ThirdPersonMap
----------------------------------------------------------------------------------------------------------------
ThirdPersonMap - Persistent Level
----------------------------------------------------------------------------------------------------------------
Always loaded Actor Count: 36 

----------------------------------------------------------------------------------------------------------------
ThirdPersonMap - Runtime Spatial Hash - Streaming Grid - MainGrid
----------------------------------------------------------------------------------------------------------------
            Origin: X=0.000 Y=0.000 Z=0.000
         Cell Size: 12800
      World Bounds: IsValid=false, Min=(X=0.000 Y=0.000 Z=0.000), Max=(X=0.000 Y=0.000 Z=0.000)
     Loading Range: 25600.00
Block Slow Loading: No
 ClientOnlyVisible: No

[+] Grid Levels: 1
 |- Level  0: Cell Count    0 | Cell Size   12800 | Actor Count    0 (0.0%)

[+] Content of Grid Level 0

